#
# There is insufficient memory for the Java Runtime Environment to continue.
# Native memory allocation (malloc) failed to allocate 178016 bytes for Chunk::new
# Possible reasons:
#   The system is out of physical RAM or swap space
#   The process is running with CompressedOops enabled, and the Java Heap may be blocking the growth of the native heap
# Possible solutions:
#   Reduce memory load on the system
#   Increase physical memory or swap space
#   Check if swap backing store is full
#   Decrease Java heap size (-Xmx/-Xms)
#   Decrease number of Java threads
#   Decrease Java thread stack sizes (-Xss)
#   Set larger code cache with -XX:ReservedCodeCacheSize=
#   JVM is running with Unscaled Compressed Oops mode in which the Java heap is
#     placed in the first 4GB address space. The Java Heap base address is the
#     maximum limit for the native heap growth. Please use -XX:HeapBaseMinAddress
#     to set the Java Heap base and to place the Java Heap above 4GB virtual address.
# This output file may be truncated or incomplete.
#
#  Out of Memory Error (allocation.cpp:389), pid=2964, tid=0x0000000000000ce8
#
# JRE version: OpenJDK Runtime Environment (8.0_242-b01) (build 1.8.0_242-release-1644-b01)
# Java VM: OpenJDK 64-Bit Server VM (25.242-b01 mixed mode windows-amd64 compressed oops)
# Failed to write core dump. Minidumps are not enabled by default on client versions of Windows
#

---------------  T H R E A D  ---------------

Current thread (0x0000000019f49800):  JavaThread "C2 CompilerThread2" daemon [_thread_in_native, id=3304, stack(0x000000001a8b0000,0x000000001a9b0000)]

Stack: [0x000000001a8b0000,0x000000001a9b0000]
[error occurred during error reporting (printing stack bounds), id 0xc0000005]

Native frames: (J=compiled Java code, j=interpreted, Vv=VM code, C=native code)


Current CompileTask:
C2:13567748 48364   !   4       java.util.zip.InflaterInputStream::read (138 bytes)


---------------  P R O C E S S  ---------------

Java Threads: ( => current thread )
  0x000000001b8ac000 JavaThread "RMI TCP Connection(idle)" daemon [_thread_blocked, id=20748, stack(0x0000000035160000,0x0000000035260000)]
  0x0000000025915800 JavaThread "WorkerExecutor Queue Thread 4" [_thread_blocked, id=2676, stack(0x0000000035060000,0x0000000035160000)]
  0x00000000208a4000 JavaThread "RMI RenewClean-[127.0.0.1:17987,org.jetbrains.kotlin.daemon.common.LoopbackNetworkInterface$ClientLoopbackSocketFactory@3b556901]" daemon [_thread_blocked, id=6724, stack(0x0000000034b60000,0x0000000034c60000)]
  0x0000000026da3800 JavaThread "WorkerExecutor Queue Thread 3" [_thread_blocked, id=10120, stack(0x0000000030b50000,0x0000000030c50000)]
  0x000000001be22000 JavaThread "RMI RenewClean-[127.0.0.1:17987,org.jetbrains.kotlin.daemon.common.LoopbackNetworkInterface$ClientLoopbackSocketFactory@4818f70]" daemon [_thread_blocked, id=14536, stack(0x0000000034430000,0x0000000034530000)]
  0x0000000026da3000 JavaThread "stdout" daemon [_thread_in_native, id=20936, stack(0x0000000034330000,0x0000000034430000)]
  0x0000000026da5000 JavaThread "stderr" daemon [_thread_in_native, id=20788, stack(0x0000000033830000,0x0000000033930000)]
  0x000000001c5ec800 JavaThread "pool-39-thread-1" [_thread_blocked, id=4756, stack(0x0000000030c50000,0x0000000030d50000)]
  0x0000000026da2000 JavaThread "WorkerExecutor Queue Thread 2" [_thread_blocked, id=20680, stack(0x0000000030850000,0x0000000030950000)]
  0x000000001c5e6800 JavaThread "WorkerExecutor Queue" [_thread_blocked, id=21096, stack(0x000000002fe40000,0x000000002ff40000)]
  0x000000001be29000 JavaThread "Cache worker for execution history cache (D:\CyxbsMobile_Android\CyxbsMobile_Android\.gradle\6.1.1\executionHistory)" [_thread_blocked, id=20864, stack(0x000000002fd40000,0x000000002fe40000)]
  0x000000001b2c9800 JavaThread "Execution worker for ':' Thread 7" [_thread_blocked, id=19616, stack(0x000000002d2a0000,0x000000002d3a0000)]
  0x000000001c847800 JavaThread "Execution worker for ':' Thread 6" [_thread_blocked, id=10108, stack(0x000000002cd00000,0x000000002ce00000)]
  0x000000001c846000 JavaThread "Execution worker for ':' Thread 5" [_thread_blocked, id=15984, stack(0x000000002bd00000,0x000000002be00000)]
  0x000000001c844800 JavaThread "Execution worker for ':' Thread 4" [_thread_in_native, id=20496, stack(0x000000002ba00000,0x000000002bb00000)]
  0x000000001c84b800 JavaThread "Execution worker for ':' Thread 3" [_thread_blocked, id=18696, stack(0x000000002b900000,0x000000002ba00000)]
  0x000000001c845000 JavaThread "Execution worker for ':' Thread 2" [_thread_blocked, id=11708, stack(0x000000002b700000,0x000000002b800000)]
  0x000000001c846800 JavaThread "Execution worker for ':'" [_thread_blocked, id=1488, stack(0x000000002b600000,0x000000002b700000)]
  0x000000001c84a800 JavaThread "Cache worker for file content cache (D:\CyxbsMobile_Android\CyxbsMobile_Android\.gradle\6.1.1\fileContent)" [_thread_blocked, id=6556, stack(0x000000002b310000,0x000000002b410000)]
  0x000000002839f800 JavaThread "Cache worker for Build Output Cleanup Cache (D:\CyxbsMobile_Android\CyxbsMobile_Android\.gradle\buildOutputCleanup)" [_thread_blocked, id=9788, stack(0x000000002adf0000,0x000000002aef0000)]
  0x00000000208a3800 JavaThread "pool-38-thread-1" [_thread_blocked, id=1380, stack(0x0000000029450000,0x0000000029550000)]
  0x000000002839e800 JavaThread "Build operations Thread 8" [_thread_blocked, id=21272, stack(0x00000000276d0000,0x00000000277d0000)]
  0x00000000283a0000 JavaThread "Build operations Thread 7" [_thread_blocked, id=17212, stack(0x00000000241f0000,0x00000000242f0000)]
  0x00000000283a1800 JavaThread "Build operations Thread 6" [_thread_blocked, id=18520, stack(0x0000000023cf0000,0x0000000023df0000)]
  0x00000000283a1000 JavaThread "Build operations Thread 5" [_thread_blocked, id=20156, stack(0x00000000237f0000,0x00000000238f0000)]
  0x000000001c5e8800 JavaThread "Build operations Thread 4" [_thread_blocked, id=10328, stack(0x00000000236f0000,0x00000000237f0000)]
  0x000000001c5eb800 JavaThread "Build operations Thread 3" [_thread_blocked, id=19368, stack(0x00000000235f0000,0x00000000236f0000)]
  0x000000001c5ea000 JavaThread "Build operations Thread 2" [_thread_blocked, id=20796, stack(0x00000000234f0000,0x00000000235f0000)]
  0x000000001c5ed000 JavaThread "Build operations" [_thread_blocked, id=17932, stack(0x00000000233f0000,0x00000000234f0000)]
  0x00000000208a2000 JavaThread "Cache worker for cache directory md-rule (C:\Users\86187\.gradle\caches\6.1.1\md-rule)" [_thread_blocked, id=2600, stack(0x00000000232f0000,0x00000000233f0000)]
  0x00000000208a1000 JavaThread "Cache worker for cache directory md-supplier (C:\Users\86187\.gradle\caches\6.1.1\md-supplier)" [_thread_blocked, id=19072, stack(0x00000000231f0000,0x00000000232f0000)]
  0x00000000208a6800 JavaThread "Cache worker for file hash cache (D:\CyxbsMobile_Android\CyxbsMobile_Android\.gradle\6.1.1\fileHashes)" [_thread_blocked, id=18312, stack(0x00000000230f0000,0x00000000231f0000)]
  0x00000000208a2800 JavaThread "Cache worker for checksums cache (D:\CyxbsMobile_Android\CyxbsMobile_Android\.gradle\checksums)" [_thread_blocked, id=19708, stack(0x00000000210a0000,0x00000000211a0000)]
  0x00000000208a5800 JavaThread "Thread-665" [_thread_blocked, id=15956, stack(0x0000000020fa0000,0x00000000210a0000)]
  0x000000002089f800 JavaThread "Asynchronous log dispatcher for DefaultDaemonConnection: socket connection from /127.0.0.1:51661 to /127.0.0.1:59276" [_thread_blocked, id=14888, stack(0x000000001e300000,0x000000001e400000)]
  0x000000001be27800 JavaThread "Daemon worker Thread 17" [_thread_blocked, id=20356, stack(0x000000001e000000,0x000000001e100000)]
  0x000000001be26800 JavaThread "Cancel handler" [_thread_blocked, id=19568, stack(0x000000001df00000,0x000000001e000000)]
  0x000000001be25000 JavaThread "Handler for socket connection from /127.0.0.1:51661 to /127.0.0.1:59276" [_thread_in_native, id=15520, stack(0x000000001de00000,0x000000001df00000)]
  0x000000001f82e800 JavaThread "Daemon Thread 17" [_thread_blocked, id=5896, stack(0x00000000010f0000,0x00000000011f0000)]
  0x000000001be26000 JavaThread "RMI TCP Connection(idle)" daemon [_thread_blocked, id=8152, stack(0x0000000000ff0000,0x00000000010f0000)]
  0x000000001be21800 JavaThread "RMI TCP Connection(228)-127.0.0.1" daemon [_thread_in_native, id=17592, stack(0x0000000000dd0000,0x0000000000ed0000)]
  0x0000000026da4800 JavaThread "RMI RenewClean-[127.0.0.1:17987,org.jetbrains.kotlin.daemon.common.LoopbackNetworkInterface$ClientLoopbackSocketFactory@536abd76]" daemon [_thread_blocked, id=18392, stack(0x000000002e870000,0x000000002e970000)]
  0x000000001f33c800 JavaThread "RMI Reaper" [_thread_blocked, id=9508, stack(0x000000002d7a0000,0x000000002d8a0000)]
  0x000000001f33f800 JavaThread "GC Daemon" daemon [_thread_blocked, id=19256, stack(0x000000002cc00000,0x000000002cd00000)]
  0x00000000284dc000 JavaThread "Cache worker for Java compile cache (C:\Users\86187\.gradle\caches\6.1.1\javaCompile)" [_thread_blocked, id=10600, stack(0x000000001e200000,0x000000001e300000)]
  0x00000000284d6000 JavaThread "RMI TCP Accept-0" daemon [_thread_in_native, id=16564, stack(0x000000002b800000,0x000000002b900000)]
  0x00000000284ce800 JavaThread "RMI Scheduler(0)" daemon [_thread_blocked, id=15864, stack(0x000000002b500000,0x000000002b600000)]
  0x000000001f335800 JavaThread "Cache worker for file content cache (C:\Users\86187\.gradle\caches\6.1.1\fileContent)" [_thread_blocked, id=12236, stack(0x00000000275d0000,0x00000000276d0000)]
  0x000000001f8b1000 JavaThread "Memory manager" [_thread_blocked, id=12376, stack(0x0000000025cc0000,0x0000000025dc0000)]
  0x000000001cae3800 JavaThread "Cache worker for execution history cache (C:\Users\86187\.gradle\caches\6.1.1\executionHistory)" [_thread_blocked, id=18072, stack(0x00000000223f0000,0x00000000224f0000)]
  0x000000001cae8000 JavaThread "Cache worker for file hash cache (C:\Users\86187\.gradle\caches\6.1.1\fileHashes)" [_thread_blocked, id=11052, stack(0x000000001e800000,0x000000001e900000)]
  0x000000001cae5000 JavaThread "File lock request listener" [_thread_in_native, id=2880, stack(0x000000001e700000,0x000000001e800000)]
  0x000000001c945800 JavaThread "Cache worker for journal cache (C:\Users\86187\.gradle\caches\journal-1)" [_thread_blocked, id=10524, stack(0x000000001e600000,0x000000001e700000)]
  0x000000001c891800 JavaThread "Daemon periodic checks" [_thread_blocked, id=12672, stack(0x000000001d900000,0x000000001da00000)]
  0x000000001c8df000 JavaThread "Incoming local TCP Connector on port 51661" [_thread_in_native, id=11308, stack(0x000000001d750000,0x000000001d850000)]
  0x000000001a044800 JavaThread "Daemon health stats" [_thread_blocked, id=3836, stack(0x000000001d650000,0x000000001d750000)]
  0x0000000019fe9800 JavaThread "Service Thread" daemon [_thread_blocked, id=15252, stack(0x000000001aab0000,0x000000001abb0000)]
  0x0000000019f4f800 JavaThread "C1 CompilerThread3" daemon [_thread_in_vm, id=17092, stack(0x000000001a9b0000,0x000000001aab0000)]
=>0x0000000019f49800 JavaThread "C2 CompilerThread2" daemon [_thread_in_native, id=3304, stack(0x000000001a8b0000,0x000000001a9b0000)]
  0x00000000180dc800 JavaThread "C2 CompilerThread1" daemon [_thread_blocked, id=11392, stack(0x000000001a7b0000,0x000000001a8b0000)]
  0x00000000180da800 JavaThread "C2 CompilerThread0" daemon [_thread_blocked, id=1736, stack(0x000000001a6b0000,0x000000001a7b0000)]
  0x0000000019eee000 JavaThread "Attach Listener" daemon [_thread_blocked, id=11748, stack(0x000000001a5b0000,0x000000001a6b0000)]
  0x0000000019eed000 JavaThread "Signal Dispatcher" daemon [_thread_blocked, id=3912, stack(0x000000001a4b0000,0x000000001a5b0000)]
  0x000000000305e000 JavaThread "Finalizer" daemon [_thread_blocked, id=15336, stack(0x000000001a3b0000,0x000000001a4b0000)]
  0x0000000019ed0800 JavaThread "Reference Handler" daemon [_thread_blocked, id=16744, stack(0x000000001a2b0000,0x000000001a3b0000)]
  0x0000000002bfd800 JavaThread "main" [_thread_blocked, id=12340, stack(0x0000000002a30000,0x0000000002b30000)]

Other Threads:
  0x00000000180c7800 VMThread [stack: 0x0000000019db0000,0x0000000019eb0000] [id=17572]
  0x0000000019fea800 WatcherThread [stack: 0x000000001abb0000,0x000000001acb0000] [id=10480]

VM state:not at safepoint (normal execution)

VM Mutex/Monitor currently owned by a thread:  ([mutex/lock_event])
[0x0000000002f619d0] CompiledIC_lock - owner thread: 0x0000000000000000

heap address: 0x0000000080000000, size: 2048 MB, Compressed Oops mode: 32-bit
Narrow klass base: 0x0000000000000000, Narrow klass shift: 3
Compressed class space size: 1073741824 Address: 0x0000000100000000

Heap:
 PSYoungGen      total 455680K, used 306841K [0x00000000d5580000, 0x00000000ffa80000, 0x0000000100000000)
  eden space 448512K, 66% used [0x00000000d5580000,0x00000000e7a8e330,0x00000000f0b80000)
  from space 7168K, 94% used [0x00000000f0b80000,0x00000000f1218250,0x00000000f1280000)
  to   space 122368K, 0% used [0x00000000f8300000,0x00000000f8300000,0x00000000ffa80000)
 ParOldGen       total 636928K, used 434989K [0x0000000080000000, 0x00000000a6e00000, 0x00000000d5580000)
  object space 636928K, 68% used [0x0000000080000000,0x000000009a8cb5b0,0x00000000a6e00000)
 Metaspace       used 193719K, capacity 204868K, committed 204968K, reserved 1228800K
  class space    used 22685K, capacity 24745K, committed 24752K, reserved 1048576K

Card table byte_map: [0x0000000012420000,0x0000000012830000] byte_map_base: 0x0000000012020000

Marking Bits: (ParMarkBitMap*) 0x00000000627af030
 Begin Bits: [0x00000000132e0000, 0x00000000152e0000)
 End Bits:   [0x00000000152e0000, 0x00000000172e0000)

Polling page: 0x0000000000ed0000

CodeCache: size=245760Kb used=132973Kb max_used=133125Kb free=112786Kb
 bounds [0x0000000003060000, 0x000000000b330000, 0x0000000012060000]
 total_blobs=34807 nmethods=33830 adapters=883
 compilation: enabled

Compilation events (10 events):
Event: 13567.612 Thread 0x0000000019f4f800 48365       3       org.apache.commons.compress.archivers.tar.TarUtils::parseOctal (183 bytes)
Event: 13567.614 Thread 0x0000000019f4f800 nmethod 48365 0x000000000b087690 code [0x000000000b0878e0, 0x000000000b088748]
Event: 13567.616 Thread 0x0000000019f4f800 48366       3       org.apache.commons.compress.archivers.tar.TarArchiveInputStream::isDirectory (23 bytes)
Event: 13567.616 Thread 0x0000000019f4f800 nmethod 48366 0x0000000003ff2490 code [0x0000000003ff2600, 0x0000000003ff2848]
Event: 13567.619 Thread 0x0000000019f4f800 48369   !   3       java.util.zip.Inflater::finished (19 bytes)
Event: 13567.619 Thread 0x0000000019f4f800 nmethod 48369 0x00000000082a7cd0 code [0x00000000082a7e20, 0x00000000082a8110]
Event: 13567.623 Thread 0x0000000019f4f800 48367   !   3       java.util.zip.Inflater::needsDictionary (19 bytes)
Event: 13567.623 Thread 0x0000000019f4f800 nmethod 48367 0x0000000005e96d10 code [0x0000000005e96e60, 0x0000000005e97150]
Event: 13567.626 Thread 0x0000000019f4f800 48368   !   3       java.util.zip.Inflater::needsInput (27 bytes)
Event: 13567.627 Thread 0x0000000019f4f800 nmethod 48368 0x00000000082a7750 code [0x00000000082a78c0, 0x00000000082a7c10]

GC Heap History (10 events):
Event: 10178.536 GC heap before
{Heap before GC invocations=156 (full 15):
 PSYoungGen      total 559104K, used 455222K [0x00000000d5580000, 0x00000000ff600000, 0x0000000100000000)
  eden space 446976K, 100% used [0x00000000d5580000,0x00000000f0a00000,0x00000000f0a00000)
  from space 112128K, 7% used [0x00000000f8880000,0x00000000f908db88,0x00000000ff600000)
  to   space 120832K, 0% used [0x00000000f0a00000,0x00000000f0a00000,0x00000000f8000000)
 ParOldGen       total 636928K, used 273898K [0x0000000080000000, 0x00000000a6e00000, 0x00000000d5580000)
  object space 636928K, 43% used [0x0000000080000000,0x0000000090b7a920,0x00000000a6e00000)
 Metaspace       used 189295K, capacity 200300K, committed 200488K, reserved 1224704K
  class space    used 22339K, capacity 24363K, committed 24368K, reserved 1048576K
Event: 10178.556 GC heap after
Heap after GC invocations=156 (full 15):
 PSYoungGen      total 567808K, used 8086K [0x00000000d5580000, 0x0000000100000000, 0x0000000100000000)
  eden space 446976K, 0% used [0x00000000d5580000,0x00000000d5580000,0x00000000f0a00000)
  from space 120832K, 6% used [0x00000000f0a00000,0x00000000f11e5b68,0x00000000f8000000)
  to   space 118272K, 0% used [0x00000000f8c80000,0x00000000f8c80000,0x0000000100000000)
 ParOldGen       total 636928K, used 280036K [0x0000000080000000, 0x00000000a6e00000, 0x00000000d5580000)
  object space 636928K, 43% used [0x0000000080000000,0x0000000091179230,0x00000000a6e00000)
 Metaspace       used 189295K, capacity 200300K, committed 200488K, reserved 1224704K
  class space    used 22339K, capacity 24363K, committed 24368K, reserved 1048576K
}
Event: 13489.487 GC heap before
{Heap before GC invocations=157 (full 15):
 PSYoungGen      total 567808K, used 455062K [0x00000000d5580000, 0x0000000100000000, 0x0000000100000000)
  eden space 446976K, 100% used [0x00000000d5580000,0x00000000f0a00000,0x00000000f0a00000)
  from space 120832K, 6% used [0x00000000f0a00000,0x00000000f11e5b68,0x00000000f8000000)
  to   space 118272K, 0% used [0x00000000f8c80000,0x00000000f8c80000,0x0000000100000000)
 ParOldGen       total 636928K, used 280036K [0x0000000080000000, 0x00000000a6e00000, 0x00000000d5580000)
  object space 636928K, 43% used [0x0000000080000000,0x0000000091179230,0x00000000a6e00000)
 Metaspace       used 193231K, capacity 204446K, committed 204456K, reserved 1228800K
  class space    used 22677K, capacity 24742K, committed 24752K, reserved 1048576K
Event: 13489.996 GC heap after
Heap after GC invocations=157 (full 15):
 PSYoungGen      total 563200K, used 26537K [0x00000000d5580000, 0x00000000ff180000, 0x0000000100000000)
  eden space 459776K, 0% used [0x00000000d5580000,0x00000000d5580000,0x00000000f1680000)
  from space 103424K, 25% used [0x00000000f8c80000,0x00000000fa66a670,0x00000000ff180000)
  to   space 112128K, 0% used [0x00000000f1680000,0x00000000f1680000,0x00000000f8400000)
 ParOldGen       total 636928K, used 281904K [0x0000000080000000, 0x00000000a6e00000, 0x00000000d5580000)
  object space 636928K, 44% used [0x0000000080000000,0x000000009134c3d8,0x00000000a6e00000)
 Metaspace       used 193231K, capacity 204446K, committed 204456K, reserved 1228800K
  class space    used 22677K, capacity 24742K, committed 24752K, reserved 1048576K
}
Event: 13497.120 GC heap before
{Heap before GC invocations=158 (full 15):
 PSYoungGen      total 563200K, used 486313K [0x00000000d5580000, 0x00000000ff180000, 0x0000000100000000)
  eden space 459776K, 100% used [0x00000000d5580000,0x00000000f1680000,0x00000000f1680000)
  from space 103424K, 25% used [0x00000000f8c80000,0x00000000fa66a670,0x00000000ff180000)
  to   space 112128K, 0% used [0x00000000f1680000,0x00000000f1680000,0x00000000f8400000)
 ParOldGen       total 636928K, used 281904K [0x0000000080000000, 0x00000000a6e00000, 0x00000000d5580000)
  object space 636928K, 44% used [0x0000000080000000,0x000000009134c3d8,0x00000000a6e00000)
 Metaspace       used 193593K, capacity 204718K, committed 204968K, reserved 1228800K
  class space    used 22678K, capacity 24742K, committed 24752K, reserved 1048576K
Event: 13500.381 GC heap after
Heap after GC invocations=158 (full 15):
 PSYoungGen      total 571904K, used 94560K [0x00000000d5580000, 0x0000000100000000, 0x0000000100000000)
  eden space 459776K, 0% used [0x00000000d5580000,0x00000000d5580000,0x00000000f1680000)
  from space 112128K, 84% used [0x00000000f1680000,0x00000000f72d8040,0x00000000f8400000)
  to   space 125952K, 0% used [0x00000000f8500000,0x00000000f8500000,0x0000000100000000)
 ParOldGen       total 636928K, used 303636K [0x0000000080000000, 0x00000000a6e00000, 0x00000000d5580000)
  object space 636928K, 47% used [0x0000000080000000,0x00000000928852a8,0x00000000a6e00000)
 Metaspace       used 193593K, capacity 204718K, committed 204968K, reserved 1228800K
  class space    used 22678K, capacity 24742K, committed 24752K, reserved 1048576K
}
Event: 13506.610 GC heap before
{Heap before GC invocations=159 (full 15):
 PSYoungGen      total 571904K, used 554336K [0x00000000d5580000, 0x0000000100000000, 0x0000000100000000)
  eden space 459776K, 100% used [0x00000000d5580000,0x00000000f1680000,0x00000000f1680000)
  from space 112128K, 84% used [0x00000000f1680000,0x00000000f72d8040,0x00000000f8400000)
  to   space 125952K, 0% used [0x00000000f8500000,0x00000000f8500000,0x0000000100000000)
 ParOldGen       total 636928K, used 303636K [0x0000000080000000, 0x00000000a6e00000, 0x00000000d5580000)
  object space 636928K, 47% used [0x0000000080000000,0x00000000928852a8,0x00000000a6e00000)
 Metaspace       used 193599K, capacity 204726K, committed 204968K, reserved 1228800K
  class space    used 22678K, capacity 24742K, committed 24752K, reserved 1048576K
Event: 13506.934 GC heap after
Heap after GC invocations=159 (full 15):
 PSYoungGen      total 574464K, used 59744K [0x00000000d5580000, 0x0000000100000000, 0x0000000100000000)
  eden space 448512K, 0% used [0x00000000d5580000,0x00000000d5580000,0x00000000f0b80000)
  from space 125952K, 47% used [0x00000000f8500000,0x00000000fbf58040,0x0000000100000000)
  to   space 124416K, 0% used [0x00000000f0b80000,0x00000000f0b80000,0x00000000f8500000)
 ParOldGen       total 636928K, used 385171K [0x0000000080000000, 0x00000000a6e00000, 0x00000000d5580000)
  object space 636928K, 60% used [0x0000000080000000,0x0000000097824f88,0x00000000a6e00000)
 Metaspace       used 193599K, capacity 204726K, committed 204968K, reserved 1228800K
  class space    used 22678K, capacity 24742K, committed 24752K, reserved 1048576K
}
Event: 13510.841 GC heap before
{Heap before GC invocations=160 (full 15):
 PSYoungGen      total 574464K, used 508256K [0x00000000d5580000, 0x0000000100000000, 0x0000000100000000)
  eden space 448512K, 100% used [0x00000000d5580000,0x00000000f0b80000,0x00000000f0b80000)
  from space 125952K, 47% used [0x00000000f8500000,0x00000000fbf58040,0x0000000100000000)
  to   space 124416K, 0% used [0x00000000f0b80000,0x00000000f0b80000,0x00000000f8500000)
 ParOldGen       total 636928K, used 385171K [0x0000000080000000, 0x00000000a6e00000, 0x00000000d5580000)
  object space 636928K, 60% used [0x0000000080000000,0x0000000097824f88,0x00000000a6e00000)
 Metaspace       used 193622K, capacity 204790K, committed 204968K, reserved 1228800K
  class space    used 22678K, capacity 24742K, committed 24752K, reserved 1048576K
Event: 13512.236 GC heap after
Heap after GC invocations=160 (full 15):
 PSYoungGen      total 455680K, used 6752K [0x00000000d5580000, 0x00000000ffa80000, 0x0000000100000000)
  eden space 448512K, 0% used [0x00000000d5580000,0x00000000d5580000,0x00000000f0b80000)
  from space 7168K, 94% used [0x00000000f0b80000,0x00000000f1218250,0x00000000f1280000)
  to   space 122368K, 0% used [0x00000000f8300000,0x00000000f8300000,0x00000000ffa80000)
 ParOldGen       total 636928K, used 434989K [0x0000000080000000, 0x00000000a6e00000, 0x00000000d5580000)
  object space 636928K, 68% used [0x0000000080000000,0x000000009a8cb5b0,0x00000000a6e00000)
 Metaspace       used 193622K, capacity 204790K, committed 204968K, reserved 1228800K
  class space    used 22678K, capacity 24742K, committed 24752K, reserved 1048576K
}

Deoptimization events (10 events):
Event: 13567.583 Thread 0x000000001c844800 Uncommon trap: reason=bimorphic action=maybe_recompile pc=0x000000000b101024 method=org.gradle.internal.hash.DefaultStreamHasher.doHash(Ljava/io/InputStream;Ljava/io/OutputStream;)Lorg/gradle/internal/hash/HashCode; @ 22
Event: 13567.583 Thread 0x000000001c844800 Uncommon trap: reason=class_check action=maybe_recompile pc=0x00000000063a9460 method=com.google.common.io.CountingOutputStream.write([BII)V @ 7
Event: 13567.584 Thread 0x000000001c844800 Uncommon trap: reason=bimorphic action=maybe_recompile pc=0x000000000b101024 method=org.gradle.internal.hash.DefaultStreamHasher.doHash(Ljava/io/InputStream;Ljava/io/OutputStream;)Lorg/gradle/internal/hash/HashCode; @ 22
Event: 13567.585 Thread 0x000000001c844800 Uncommon trap: reason=class_check action=maybe_recompile pc=0x00000000063a9460 method=com.google.common.io.CountingOutputStream.write([BII)V @ 7
Event: 13567.586 Thread 0x000000001c844800 Uncommon trap: reason=class_check action=maybe_recompile pc=0x0000000003599430 method=java.util.zip.InflaterInputStream.read([BII)I @ 100
Event: 13567.588 Thread 0x000000001c844800 Uncommon trap: reason=bimorphic action=maybe_recompile pc=0x000000000b101024 method=org.gradle.internal.hash.DefaultStreamHasher.doHash(Ljava/io/InputStream;Ljava/io/OutputStream;)Lorg/gradle/internal/hash/HashCode; @ 22
Event: 13567.588 Thread 0x000000001c844800 Uncommon trap: reason=class_check action=maybe_recompile pc=0x00000000063a9460 method=com.google.common.io.CountingOutputStream.write([BII)V @ 7
Event: 13567.588 Thread 0x000000001c844800 Uncommon trap: reason=class_check action=maybe_recompile pc=0x0000000003599430 method=java.util.zip.InflaterInputStream.read([BII)I @ 100
Event: 13567.588 Thread 0x000000001c844800 Uncommon trap: reason=class_check action=maybe_recompile pc=0x00000000063a9460 method=com.google.common.io.CountingOutputStream.write([BII)V @ 7
Event: 13567.589 Thread 0x000000001c844800 Uncommon trap: reason=bimorphic action=maybe_recompile pc=0x000000000b101024 method=org.gradle.internal.hash.DefaultStreamHasher.doHash(Ljava/io/InputStream;Ljava/io/OutputStream;)Lorg/gradle/internal/hash/HashCode; @ 22

Classes redefined (0 events):
No events

Internal exceptions (10 events):
Event: 13540.071 Thread 0x00000000208a4000 Exception <a 'java/lang/InterruptedException'> (0x00000000e6390908) thrown at [C:\src\AOSP-openjdk-git\hotspot\src\share\vm\runtime\objectMonitor.cpp, line 1680]
Event: 13567.300 Thread 0x000000001c844800 Exception <a 'sun/nio/fs/WindowsException'> (0x00000000e78e1f58) thrown at [C:\src\AOSP-openjdk-git\hotspot\src\share\vm\prims\jni.cpp, line 710]
Event: 13567.300 Thread 0x000000001c844800 Exception <a 'sun/nio/fs/WindowsException'> (0x00000000e78e2bc8) thrown at [C:\src\AOSP-openjdk-git\hotspot\src\share\vm\prims\jni.cpp, line 710]
Event: 13567.300 Thread 0x000000001c844800 Exception <a 'sun/nio/fs/WindowsException'> (0x00000000e78e38a8) thrown at [C:\src\AOSP-openjdk-git\hotspot\src\share\vm\prims\jni.cpp, line 710]
Event: 13567.300 Thread 0x000000001c844800 Exception <a 'sun/nio/fs/WindowsException'> (0x00000000e78e9f20) thrown at [C:\src\AOSP-openjdk-git\hotspot\src\share\vm\prims\jni.cpp, line 710]
Event: 13567.300 Thread 0x000000001c844800 Exception <a 'sun/nio/fs/WindowsException'> (0x00000000e78eabd8) thrown at [C:\src\AOSP-openjdk-git\hotspot\src\share\vm\prims\jni.cpp, line 710]
Event: 13567.300 Thread 0x000000001c844800 Exception <a 'sun/nio/fs/WindowsException'> (0x00000000e78eb900) thrown at [C:\src\AOSP-openjdk-git\hotspot\src\share\vm\prims\jni.cpp, line 710]
Event: 13567.301 Thread 0x000000001c844800 Exception <a 'sun/nio/fs/WindowsException'> (0x00000000e78f3a88) thrown at [C:\src\AOSP-openjdk-git\hotspot\src\share\vm\prims\jni.cpp, line 710]
Event: 13567.301 Thread 0x000000001c844800 Exception <a 'sun/nio/fs/WindowsException'> (0x00000000e78f4750) thrown at [C:\src\AOSP-openjdk-git\hotspot\src\share\vm\prims\jni.cpp, line 710]
Event: 13567.302 Thread 0x000000001c844800 Exception <a 'sun/nio/fs/WindowsException'> (0x00000000e78f5488) thrown at [C:\src\AOSP-openjdk-git\hotspot\src\share\vm\prims\jni.cpp, line 710]

Events (10 events):
Event: 13567.588 Thread 0x000000001c844800 DEOPT UNPACKING pc=0x00000000030a557b sp=0x000000002bafd8b0 mode 2
Event: 13567.589 Thread 0x0000000019f49800 flushing nmethod 0x0000000003a62710
Event: 13567.589 Thread 0x000000001c844800 Uncommon trap: trap_request=0xffffffc6 fr.pc=0x000000000b101024
Event: 13567.589 Thread 0x000000001c844800 DEOPT PACKING pc=0x000000000b101024 sp=0x000000002bafd8f0
Event: 13567.589 Thread 0x000000001c844800 DEOPT UNPACKING pc=0x00000000030a557b sp=0x000000002bafd940 mode 2
Event: 13567.605 Thread 0x0000000019f4f800 flushing nmethod 0x000000000496a450
Event: 13567.618 Thread 0x0000000019f4f800 flushing nmethod 0x0000000005be7050
Event: 13567.620 Thread 0x0000000019f4f800 flushing nmethod 0x0000000005e96b10
Event: 13567.622 Thread 0x0000000019f4f800 flushing nmethod 0x00000000064620d0
Event: 13567.629 Thread 0x0000000019f4f800 flushing nmethod 0x0000000007225650


Dynamic libraries:
0x00007ff718c60000 - 0x00007ff718c91000 	D:\android\jre\bin\java.exe
0x00007ffe91b80000 - 0x00007ffe91d70000 	C:\WINDOWS\SYSTEM32\ntdll.dll
0x00007ffe909c0000 - 0x00007ffe90a72000 	C:\WINDOWS\System32\KERNEL32.DLL
0x00007ffe8eaf0000 - 0x00007ffe8ed95000 	C:\WINDOWS\System32\KERNELBASE.dll
0x00007ffe91750000 - 0x00007ffe917f3000 	C:\WINDOWS\System32\ADVAPI32.dll
0x00007ffe8fc60000 - 0x00007ffe8fcfe000 	C:\WINDOWS\System32\msvcrt.dll
0x00007ffe91240000 - 0x00007ffe912d7000 	C:\WINDOWS\System32\sechost.dll
0x00007ffe90a80000 - 0x00007ffe90ba0000 	C:\WINDOWS\System32\RPCRT4.dll
0x00007ffe90c10000 - 0x00007ffe90da4000 	C:\WINDOWS\System32\USER32.dll
0x00007ffe8fc00000 - 0x00007ffe8fc21000 	C:\WINDOWS\System32\win32u.dll
0x00007ffe8fc30000 - 0x00007ffe8fc56000 	C:\WINDOWS\System32\GDI32.dll
0x00007ffe8efa0000 - 0x00007ffe8f136000 	C:\WINDOWS\System32\gdi32full.dll
0x00007ffe8ee50000 - 0x00007ffe8eeee000 	C:\WINDOWS\System32\msvcp_win.dll
0x00007ffe8fab0000 - 0x00007ffe8fbaa000 	C:\WINDOWS\System32\ucrtbase.dll
0x00007ffe7ba70000 - 0x00007ffe7bcf4000 	C:\WINDOWS\WinSxS\amd64_microsoft.windows.common-controls_6595b64144ccf1df_6.0.18362.1256_none_9e7e379be45e40e2\COMCTL32.dll
0x00007ffe91800000 - 0x00007ffe91b36000 	C:\WINDOWS\System32\combase.dll
0x00007ffe8edc0000 - 0x00007ffe8ee41000 	C:\WINDOWS\System32\bcryptPrimitives.dll
0x00007ffe90fc0000 - 0x00007ffe90fee000 	C:\WINDOWS\System32\IMM32.DLL
0x0000000063de0000 - 0x0000000063eb2000 	D:\android\jre\jre\bin\msvcr100.dll
0x0000000061fe0000 - 0x000000006282b000 	D:\android\jre\jre\bin\server\jvm.dll
0x00007ffe90450000 - 0x00007ffe90458000 	C:\WINDOWS\System32\PSAPI.DLL
0x00007ffe73550000 - 0x00007ffe73559000 	C:\WINDOWS\SYSTEM32\WSOCK32.dll
0x00007ffe7ea10000 - 0x00007ffe7ea1a000 	C:\WINDOWS\SYSTEM32\VERSION.dll
0x00007ffe863c0000 - 0x00007ffe863e4000 	C:\WINDOWS\SYSTEM32\WINMM.dll
0x00007ffe906a0000 - 0x00007ffe9070f000 	C:\WINDOWS\System32\WS2_32.dll
0x00007ffe86370000 - 0x00007ffe8639d000 	C:\WINDOWS\SYSTEM32\WINMMBASE.dll
0x00007ffe8fbb0000 - 0x00007ffe8fbfa000 	C:\WINDOWS\System32\cfgmgr32.dll
0x00007ffe685b0000 - 0x00007ffe685bf000 	D:\android\jre\jre\bin\verify.dll
0x00007ffe4a4b0000 - 0x00007ffe4a4d9000 	D:\android\jre\jre\bin\java.dll
0x00007ffe624e0000 - 0x00007ffe624f6000 	D:\android\jre\jre\bin\zip.dll
0x00007ffe8fd00000 - 0x00007ffe903e7000 	C:\WINDOWS\System32\SHELL32.dll
0x00007ffe90590000 - 0x00007ffe90639000 	C:\WINDOWS\System32\shcore.dll
0x00007ffe8f320000 - 0x00007ffe8faa1000 	C:\WINDOWS\System32\windows.storage.dll
0x00007ffe8eaa0000 - 0x00007ffe8eac3000 	C:\WINDOWS\System32\profapi.dll
0x00007ffe8ea30000 - 0x00007ffe8ea7a000 	C:\WINDOWS\System32\powrprof.dll
0x00007ffe8ea20000 - 0x00007ffe8ea30000 	C:\WINDOWS\System32\UMPDC.dll
0x00007ffe90640000 - 0x00007ffe90692000 	C:\WINDOWS\System32\shlwapi.dll
0x00007ffe8ea80000 - 0x00007ffe8ea91000 	C:\WINDOWS\System32\kernel.appcore.dll
0x00007ffe8eda0000 - 0x00007ffe8edb7000 	C:\WINDOWS\System32\cryptsp.dll
0x00007ffe4a490000 - 0x00007ffe4a4aa000 	D:\android\jre\jre\bin\net.dll
0x00007ffe8e270000 - 0x00007ffe8e2d7000 	C:\WINDOWS\system32\mswsock.dll
0x00007ffe53900000 - 0x00007ffe53913000 	D:\android\jre\jre\bin\nio.dll
0x00007ffe62e30000 - 0x00007ffe62e56000 	C:\Users\86187\.gradle\native\31\windows-amd64\native-platform.dll
0x00007ffe62ec0000 - 0x00007ffe62ecd000 	D:\android\jre\jre\bin\management.dll
0x00007ffe8dde0000 - 0x00007ffe8de13000 	C:\WINDOWS\system32\rsaenh.dll
0x00007ffe8f2f0000 - 0x00007ffe8f316000 	C:\WINDOWS\System32\bcrypt.dll
0x00007ffe8e940000 - 0x00007ffe8e965000 	C:\WINDOWS\SYSTEM32\USERENV.dll
0x00007ffe8e440000 - 0x00007ffe8e44c000 	C:\WINDOWS\SYSTEM32\CRYPTBASE.dll
0x00007ffe8df80000 - 0x00007ffe8dfba000 	C:\WINDOWS\SYSTEM32\IPHLPAPI.DLL
0x00007ffe90710000 - 0x00007ffe90718000 	C:\WINDOWS\System32\NSI.dll
0x00007ffe85950000 - 0x00007ffe85966000 	C:\WINDOWS\SYSTEM32\dhcpcsvc6.DLL
0x00007ffe85930000 - 0x00007ffe8594c000 	C:\WINDOWS\SYSTEM32\dhcpcsvc.DLL
0x00007ffe8dfc0000 - 0x00007ffe8e08b000 	C:\WINDOWS\SYSTEM32\DNSAPI.dll
0x00007ffe58140000 - 0x00007ffe5815e000 	C:\Users\86187\AppData\Local\Temp\native-platform691800369128558846dir\native-platform.dll
0x0000000066e00000 - 0x0000000066f03000 	C:\Users\86187\AppData\Local\Temp\sqlite-3.25.2-27585913-2024-420e-8247-47b8b1ba71cc-sqlitejdbc.dll
0x000000002dca0000 - 0x000000002dda3000 	C:\Users\86187\AppData\Local\Temp\sqlite-3.25.2-de01e389-f94a-4965-bff3-6655305a9401-sqlitejdbc.dll
0x0000000030340000 - 0x0000000030443000 	C:\Users\86187\AppData\Local\Temp\sqlite-3.25.2-8e4a0487-5281-438f-aa49-34475ad10770-sqlitejdbc.dll
0x00007ffe8da60000 - 0x00007ffe8da91000 	C:\WINDOWS\SYSTEM32\ntmarta.dll
0x00000000325e0000 - 0x00000000326e3000 	C:\Users\86187\AppData\Local\Temp\sqlite-3.25.2-093017c2-121b-475d-8aa1-0d3bb30fc390-sqlitejdbc.dll
0x0000000032ef0000 - 0x0000000032ff3000 	C:\Users\86187\AppData\Local\Temp\sqlite-3.25.2-9a6de989-5610-4177-abc9-90052a5db752-sqlitejdbc.dll
0x0000000032af0000 - 0x0000000032bf3000 	C:\Users\86187\AppData\Local\Temp\sqlite-3.25.2-8bacd732-7413-46d0-9015-d7355145f729-sqlitejdbc.dll

VM Arguments:
jvm_args: -Xmx2048m -Dfile.encoding=UTF-8 -Duser.country=CN -Duser.language=zh -Duser.variant 
java_command: org.gradle.launcher.daemon.bootstrap.GradleDaemon 6.1.1
java_class_path (initial): C:\Users\86187\.gradle\wrapper\dists\gradle-6.1.1-all\cfmwm155h49vnt3hynmlrsdst\gradle-6.1.1\lib\gradle-launcher-6.1.1.jar
Launcher Type: SUN_STANDARD

Environment Variables:
PATH=C:\Program Files (x86)\Common Files\Oracle\Java\javapath;C:\Program Files (x86)\Intel\Intel(R) Management Engine Components\iCLS\;C:\Program Files\Intel\Intel(R) Management Engine Components\iCLS\;C:\Windows\system32;C:\Windows;C:\Windows\System32\Wbem;C:\Windows\System32\WindowsPowerShell\v1.0\;C:\Windows\System32\OpenSSH\;C:\Program Files (x86)\Intel\Intel(R) Management Engine Components\DAL;C:\Program Files\Intel\Intel(R) Management Engine Components\DAL;C:\Program Files (x86)\NVIDIA Corporation\PhysX\Common;C:\Program Files\Intel\WiFi\bin\;C:\Program Files\Common Files\Intel\WirelessCommon\;C:\Program Files\Common Files\Autodesk Shared\;C:\WINDOWS\system32;C:\WINDOWS;C:\WINDOWS\System32\Wbem;C:\WINDOWS\System32\WindowsPowerShell\v1.0\;C:\WINDOWS\System32\OpenSSH\;\Program Files (x86)\MySQL\MySQL Server 5.5\bin;C:\Program Files (x86)\Microsoft SQL Server\100\Tools\Binn\;C:\Program Files\Microsoft SQL Server\100\Tools\Binn\;D:\matlab\runtime\win64;D:\matlab\bin;D:\matlab\polyspace\bin;D:\Anaconda3\Library\bin;D:\Anaconda3\Scripts\;D:\Anaconda3\;D:\Git\cmd;C:\Users\86187\AppData\Local\Microsoft\WindowsApps;D:\学习\Microsoft VS Code\bin;C:\Users\86187\AppData\Local\GitHubDesktop\bin;C:\Program Files\Bandizip\;D:\altera\13.1\modelsim_ase\win32aloem
USERNAME=86187
OS=Windows_NT
PROCESSOR_IDENTIFIER=Intel64 Family 6 Model 142 Stepping 11, GenuineIntel



---------------  S Y S T E M  ---------------

OS: Windows 10.0 , 64 bit Build 18362 (10.0.18362.1110)

CPU:total 8 (initial active 8) (4 cores per cpu, 2 threads per core) family 6 model 142 stepping 11, cmov, cx8, fxsr, mmx, sse, sse2, sse3, ssse3, sse4.1, sse4.2, popcnt, avx, avx2, aes, clmul, erms, 3dnowpref, lzcnt, ht, tsc, tscinvbit, bmi1, bmi2, adx

Memory: 4k page, physical 8190668k(371416k free), swap 14998876k(98028k free)

vm_info: OpenJDK 64-Bit Server VM (25.242-b01) for windows-amd64 JRE (1.8.0_242-release-1644-b01), built by "builder" with MS VC++ 10.0 (VS2010)

time: Mon Dec 14 18:25:25 2020
timezone: 中国标准时间
elapsed time: 13567 seconds (0d 3h 46m 7s)

